<?xml version="1.0" encoding="UTF-8"?>
<!-- Generated by org.testng.reporters.JUnitReportReporter -->
<testsuite hostname="DESKTOP-2L70A79" failures="0" tests="1" name="testScripts.CreateCourseTest" time="6.937" errors="0" timestamp="2023-11-04T12:09:44 IST" skipped="0">
  <testcase classname="testScripts.CreateCourseTest" name="createCourseTest" time="6.937"/>
  <system-out/>
</testsuite> <!-- testScripts.CreateCourseTest -->
