<?xml version="1.0" encoding="UTF-8"?>
<!-- Generated by org.testng.reporters.JUnitReportReporter -->
<testsuite hostname="DESKTOP-2L70A79" failures="0" tests="1" name="testScripts.CreateCategoryTest" time="6.455" errors="0" timestamp="2023-11-04T12:09:44 IST" skipped="0">
  <testcase classname="testScripts.CreateCategoryTest" name="createCategoryTest" time="6.455"/>
  <system-out/>
</testsuite> <!-- testScripts.CreateCategoryTest -->
